
An unexpected exception has been detected in native code outside the VM.
Unexpected Signal : 11 occurred at PC=0xb6a17809
Function name=_XtSortPerDisplayList
Library=/usr/X11R6/lib/libXt.so.6

Current Java thread:

Dynamic libraries:
08048000-080be000 r-xp 00000000 00:15 2148410281  /home/matrix/matlab6.5/bin/glnx86/matlab
080be000-080c5000 rwxp 00075000 00:15 2148410281  /home/matrix/matlab6.5/bin/glnx86/matlab
080c5000-0aefd000 rwxp 080c5000 00:00 0          [heap]
a1cb8000-a1cbc000 r-xp 00000000 00:15 1611569369  /home/matrix/matlab6.5/toolbox/matlab/datafun/sortcellchar.mexglx
a1cbc000-a1cbe000 rwxp 00003000 00:15 1611569369  /home/matrix/matlab6.5/toolbox/matlab/datafun/sortcellchar.mexglx
a1cbe000-a1cc2000 r-xp 00000000 00:15 3222182168  /home/matrix/matlab6.5/toolbox/matlab/datatypes/cellfun.mexglx
a1cc2000-a1cc3000 rwxp 00003000 00:15 3222182168  /home/matrix/matlab6.5/toolbox/matlab/datatypes/cellfun.mexglx
a2ccb000-a2d6a000 r-xp 00000000 00:0b 3730904    /usr/lib/libstdc++.so.5.0.7
a2d6a000-a2d80000 rwxp 0009e000 00:0b 3730904    /usr/lib/libstdc++.so.5.0.7
a2d85000-a2df8000 r-xp 00000000 00:0b 3692014    /usr/X11R6/lib/libGLU.so.1.3
a2df8000-a2e00000 rwxp 00072000 00:0b 3692014    /usr/X11R6/lib/libGLU.so.1.3
a4703000-a470b000 r-xp 00000000 00:0b 3686859    /lib/libgcc_s.so.1
a470b000-a470c000 rwxp 00007000 00:0b 3686859    /lib/libgcc_s.so.1
a470c000-a4770000 r-xp 00000000 00:0b 3691792    /usr/X11R6/lib/libGL.so.1.2
a4770000-a4778000 rwxp 00063000 00:0b 3691792    /usr/X11R6/lib/libGL.so.1.2
a477b000-a479b000 r-xp 00000000 00:15 2148410198  /home/matrix/matlab6.5/bin/glnx86/glren.so
a479b000-a479e000 rwxp 0001f000 00:15 2148410198  /home/matrix/matlab6.5/bin/glnx86/glren.so
a479e000-a4833000 r-xp 00000000 00:15 2685412179  /home/matrix/matlab6.5/sys/java/jre/glnx86/jre1.3.1/lib/i386/libfontmanager.so
a4833000-a485d000 rwxp 00094000 00:15 2685412179  /home/matrix/matlab6.5/sys/java/jre/glnx86/jre1.3.1/lib/i386/libfontmanager.so
a485d000-a4861000 r-xp 00000000 00:0b 3688377    /usr/X11R6/lib/libXtst.so.6.1
a4861000-a4862000 rwxp 00004000 00:0b 3688377    /usr/X11R6/lib/libXtst.so.6.1
a4881000-a48ca000 r-xp 00000000 00:15 2685412188  /home/matrix/matlab6.5/sys/java/jre/glnx86/jre1.3.1/lib/i386/libmlib_image.so
a48ca000-a48cc000 rwxp 00048000 00:15 2685412188  /home/matrix/matlab6.5/sys/java/jre/glnx86/jre1.3.1/lib/i386/libmlib_image.so
a48cc000-a4bbe000 r-xp 00000000 00:15 2685412176  /home/matrix/matlab6.5/sys/java/jre/glnx86/jre1.3.1/lib/i386/libawt.so
a4bbe000-a4bce000 rwxp 002f1000 00:15 2685412176  /home/matrix/matlab6.5/sys/java/jre/glnx86/jre1.3.1/lib/i386/libawt.so
a4be4000-a4d8b000 r-xs 00000000 00:15 1611569185  /home/matrix/matlab6.5/java/jarext/xercesImpl.jar
a4d8b000-a4da6000 r-xs 00000000 00:15 1611569186  /home/matrix/matlab6.5/java/jarext/xml-apis.jar
a4da6000-a4e84000 r-xs 00000000 00:15 1611569184  /home/matrix/matlab6.5/java/jarext/xalan.jar
a4e84000-a4e9b000 r-xs 00000000 00:15 1611569183  /home/matrix/matlab6.5/java/jarext/windows.jar
a4e9b000-a4eae000 r-xs 00000000 00:15 1611569181  /home/matrix/matlab6.5/java/jarext/vb20.jar
a4eae000-a4f47000 r-xs 00000000 00:15 1611569180  /home/matrix/matlab6.5/java/jarext/saxon.jar
a4f47000-a4f62000 r-xs 00000000 00:15 1611569179  /home/matrix/matlab6.5/java/jarext/mwucarunits.jar
a4f64000-a4f67000 r-xp 00000000 00:15 2148410275  /home/matrix/matlab6.5/bin/glnx86/libnativejava.so
a4f67000-a4f69000 rwxp 00002000 00:15 2148410275  /home/matrix/matlab6.5/bin/glnx86/libnativejava.so
a4f69000-a4f6b000 r-xp 00000000 00:0b 3807071    /usr/lib/gconv/ISO8859-1.so
a4f6b000-a4f6c000 rwxp 00001000 00:0b 3807071    /usr/lib/gconv/ISO8859-1.so
a4f6c000-a4f6d000 r-xs 00000000 00:15 2685412052  /home/matrix/matlab6.5/java/jarext/ice/ib5xalan.jar
a4f6d000-a4f82000 r-xs 00000000 00:15 2685412051  /home/matrix/matlab6.5/java/jarext/ice/ib5util.jar
a4f82000-a4f8b000 r-xs 00000000 00:15 2685412050  /home/matrix/matlab6.5/java/jarext/ice/ib5swing.jar
a4f8b000-a4fa9000 r-xs 00000000 00:15 2685412049  /home/matrix/matlab6.5/java/jarext/ice/ib5ri.jar
a4fa9000-a4fb6000 r-xs 00000000 00:15 2685412048  /home/matrix/matlab6.5/java/jarext/ice/ib5ref.jar
a4fb6000-a4ffd000 r-xs 00000000 00:15 2685412047  /home/matrix/matlab6.5/java/jarext/ice/ib5js.jar
a4ffd000-a500e000 r-xs 00000000 00:15 2685412046  /home/matrix/matlab6.5/java/jarext/ice/ib5https.jar
a500e000-a501f000 r-xs 00000000 00:15 2685412045  /home/matrix/matlab6.5/java/jarext/ice/ib5http.jar
a501f000-a5028000 r-xs 00000000 00:15 2685412044  /home/matrix/matlab6.5/java/jarext/ice/ib5extra.jar
a5028000-a5049000 r-xs 00000000 00:15 2685412043  /home/matrix/matlab6.5/java/jarext/ice/ib5crypto.jar
a5049000-a50b2000 r-xs 00000000 00:15 2685412042  /home/matrix/matlab6.5/java/jarext/ice/ib5core.jar
a50b2000-a50b8000 r-xs 00000000 00:15 1611569176  /home/matrix/matlab6.5/java/jarext/gnu_regexp.jar
a50b8000-a50c5000 r-xs 00000000 00:15 1611569172  /home/matrix/matlab6.5/java/jarext/FTPProtocol.jar
a50c5000-a50d3000 r-xs 00000000 00:15 2148412871  /home/matrix/matlab6.5/java/jarext/commapi/comm.jar
a50d3000-a5113000 r-xs 00000000 00:15 1611569175  /home/matrix/matlab6.5/java/jarext/collections.jar
a5113000-a518c000 r-xs 00000000 00:15 1611569174  /home/matrix/matlab6.5/java/jarext/classes111.jar
a518c000-a5193000 r-xs 00000000 00:15 1611569173  /home/matrix/matlab6.5/java/jarext/audio.jar
a5193000-a51a2000 r-xs 00000000 00:15 1611569178  /home/matrix/matlab6.5/java/jarext/mwjava2specific.jar
a51a2000-a51d6000 r-xs 00000000 00:15 1074696713  /home/matrix/matlab6.5/java/jar/toolbox/pg74.214.jdbc3.jar
a51d6000-a51e7000 r-xs 00000000 00:15 1074696714  /home/matrix/matlab6.5/java/jar/toolbox/rptgencore.jar
a51e7000-a51fc000 r-xs 00000000 00:15 1074696712  /home/matrix/matlab6.5/java/jar/toolbox/nnet.jar
a51fc000-a5214000 r-xs 00000000 00:15 1074696711  /home/matrix/matlab6.5/java/jar/toolbox/matlab.jar
a5214000-a5255000 r-xs 00000000 00:15 1074696710  /home/matrix/matlab6.5/java/jar/toolbox/instrument.jar
a5255000-a52dc000 r-xs 00000000 00:15 537832761  /home/matrix/matlab6.5/java/jar/page.jar
a52de000-a52e0000 r-xs 00000000 00:15 537832767  /home/matrix/matlab6.5/java/jar/xml.jar
a52e0000-a52e6000 r-xs 00000000 00:15 537832765  /home/matrix/matlab6.5/java/jar/verctrl.jar
a52e6000-a5300000 r-xs 00000000 00:15 1074696709  /home/matrix/matlab6.5/java/jar/toolbox/images.jar
a5401000-a5408000 r-xs 00000000 00:15 1074696708  /home/matrix/matlab6.5/java/jar/toolbox/database.jar
a5c08000-a5ccd000 r-xs 00000000 00:15 537832760  /home/matrix/matlab6.5/java/jar/mwt.jar
a5ccd000-a5d0e000 r-xs 00000000 00:15 537832759  /home/matrix/matlab6.5/java/jar/mwswing.jar
a5d0e000-a5d2a000 r-xs 00000000 00:15 537832758  /home/matrix/matlab6.5/java/jar/mlwidgets.jar
a5d2a000-a5d5c000 r-xs 00000000 00:15 537832757  /home/matrix/matlab6.5/java/jar/jmi.jar
a5d5c000-a5f28000 r-xs 00000000 00:15 537832756  /home/matrix/matlab6.5/java/jar/ide.jar
a5f28000-a5faf000 r-xs 00000000 00:15 537832755  /home/matrix/matlab6.5/java/jar/icebrowserbean.jar
a5faf000-a5fbc000 r-xs 00000000 00:15 537832754  /home/matrix/matlab6.5/java/jar/hg.jar
a5fbc000-a5fd8000 r-xs 00000000 00:15 537832753  /home/matrix/matlab6.5/java/jar/beans.jar
a5fd8000-a5ff1000 r-xs 00000000 00:15 537832764  /home/matrix/matlab6.5/java/jar/util.jar
a87f1000-a89f1000 r-xp 00000000 00:0b 1245379    /usr/lib/locale/locale-archive
b2272000-b227a000 r-xs 00000000 00:15 537832762  /home/matrix/matlab6.5/java/jar/services.jar
b4322000-b4338000 r-xs 00000000 00:15 3759071666  /home/matrix/matlab6.5/sys/java/jre/glnx86/jre1.3.1/lib/sunrsasign.jar
b4338000-b45dd000 r-xs 00000000 00:15 3759071658  /home/matrix/matlab6.5/sys/java/jre/glnx86/jre1.3.1/lib/i18n.jar
b460a000-b5323000 r-xs 00000000 00:15 3759071665  /home/matrix/matlab6.5/sys/java/jre/glnx86/jre1.3.1/lib/rt.jar
b5323000-b5338000 r-xp 00000000 00:15 2685412193  /home/matrix/matlab6.5/sys/java/jre/glnx86/jre1.3.1/lib/i386/libzip.so
b5338000-b533b000 rwxp 00014000 00:15 2685412193  /home/matrix/matlab6.5/sys/java/jre/glnx86/jre1.3.1/lib/i386/libzip.so
b533b000-b535e000 r-xp 00000000 00:15 2685412182  /home/matrix/matlab6.5/sys/java/jre/glnx86/jre1.3.1/lib/i386/libjava.so
b535e000-b5360000 rwxp 00022000 00:15 2685412182  /home/matrix/matlab6.5/sys/java/jre/glnx86/jre1.3.1/lib/i386/libjava.so
b5361000-b5624000 r-xp 00000000 00:15 3759071669  /home/matrix/matlab6.5/sys/java/jre/glnx86/jre1.3.1/lib/i386/client/libjvm.so
b5624000-b563b000 rwxp 002c2000 00:15 3759071669  /home/matrix/matlab6.5/sys/java/jre/glnx86/jre1.3.1/lib/i386/client/libjvm.so
b5653000-b5665000 r-xp 00000000 00:15 2685412192  /home/matrix/matlab6.5/sys/java/jre/glnx86/jre1.3.1/lib/i386/libverify.so
b5665000-b5667000 rwxp 00011000 00:15 2685412192  /home/matrix/matlab6.5/sys/java/jre/glnx86/jre1.3.1/lib/i386/libverify.so
b5667000-b5672000 r-xp 00000000 00:15 537832970  /home/matrix/matlab6.5/sys/java/jre/glnx86/jre1.3.1/lib/i386/native_threads/libhpi.so
b5672000-b5673000 rwxp 0000a000 00:15 537832970  /home/matrix/matlab6.5/sys/java/jre/glnx86/jre1.3.1/lib/i386/native_threads/libhpi.so
b5673000-b5ae8000 r-xp 00000000 00:15 1074696739  /home/matrix/matlab6.5/sys/java/jre/glnx86/jre1.3.1/lib/i386/server/libjvm.so
b5ae8000-b5b32000 rwxp 00474000 00:15 1074696739  /home/matrix/matlab6.5/sys/java/jre/glnx86/jre1.3.1/lib/i386/server/libjvm.so
b634a000-b6366000 r-xp 00000000 00:0b 3692052    /usr/X11R6/lib/X11/locale/lib/common/ximcp.so.2
b6366000-b6368000 rwxp 0001b000 00:0b 3692052    /usr/X11R6/lib/X11/locale/lib/common/ximcp.so.2
b6368000-b6371000 r-xp 00000000 00:0b 3689611    /lib/tls/libnss_files-2.3.2.so
b6371000-b6372000 rwxp 00008000 00:0b 3689611    /lib/tls/libnss_files-2.3.2.so
b6372000-b6383000 r-xp 00000000 00:0b 3688994    /lib/tls/libnsl-2.3.2.so
b6383000-b6384000 rwxp 00011000 00:0b 3688994    /lib/tls/libnsl-2.3.2.so
b6386000-b638e000 r-xp 00000000 00:0b 3689625    /lib/tls/libnss_nis-2.3.2.so
b638e000-b638f000 rwxp 00007000 00:0b 3689625    /lib/tls/libnss_nis-2.3.2.so
b6551000-b66ea000 r-xp 00000000 00:15 2148410200  /home/matrix/matlab6.5/bin/glnx86/lapack.so
b66ea000-b66ec000 rwxp 00198000 00:15 2148410200  /home/matrix/matlab6.5/bin/glnx86/lapack.so
b67af000-b6912000 r-xp 00000000 00:15 2148410193  /home/matrix/matlab6.5/bin/glnx86/atlas_PIII.so
b6912000-b6913000 rwxp 00162000 00:15 2148410193  /home/matrix/matlab6.5/bin/glnx86/atlas_PIII.so
b6918000-b692c000 r-xp 00000000 00:0b 3687679    /usr/X11R6/lib/libICE.so.6.3
b692c000-b692d000 rwxp 00013000 00:0b 3687679    /usr/X11R6/lib/libICE.so.6.3
b692f000-b6937000 r-xp 00000000 00:0b 3687838    /usr/X11R6/lib/libSM.so.6.0
b6937000-b6938000 rwxp 00007000 00:0b 3687838    /usr/X11R6/lib/libSM.so.6.0
b6939000-b69fd000 r-xp 00000000 00:0b 3696261    /usr/X11R6/lib/libX11.so.6.2
b69fd000-b6a00000 rwxp 000c4000 00:0b 3696261    /usr/X11R6/lib/libX11.so.6.2
b6a00000-b6a4d000 r-xp 00000000 00:0b 3688384    /usr/X11R6/lib/libXt.so.6.0
b6a4d000-b6a50000 rwxp 0004d000 00:0b 3688384    /usr/X11R6/lib/libXt.so.6.0
b6a51000-b6a58000 r-xp 00000000 00:0b 3688390    /usr/X11R6/lib/libXp.so.6.2
b6a58000-b6a59000 rwxp 00006000 00:0b 3688390    /usr/X11R6/lib/libXp.so.6.2
b6a59000-b6a66000 r-xp 00000000 00:0b 3688368    /usr/X11R6/lib/libXext.so.6.4
b6a66000-b6a67000 rwxp 0000c000 00:0b 3688368    /usr/X11R6/lib/libXext.so.6.4
b6a68000-b6bf9000 r-xp 00000000 00:15 1074696863  /home/matrix/matlab6.5/sys/os/glnx86/libXm.so.2.1
b6bf9000-b6c0d000 rwxp 00190000 00:15 1074696863  /home/matrix/matlab6.5/sys/os/glnx86/libXm.so.2.1
b6c0d000-b6c32000 r-xp 00000000 00:15 2148410263  /home/matrix/matlab6.5/bin/glnx86/libmwsl_solver.so
b6c32000-b6c3a000 rwxp 00024000 00:15 2148410263  /home/matrix/matlab6.5/bin/glnx86/libmwsl_solver.so
b6c3a000-b6c67000 r-xp 00000000 00:15 2148410202  /home/matrix/matlab6.5/bin/glnx86/libfixedpoint.so
b6c67000-b6c69000 rwxp 0002c000 00:15 2148410202  /home/matrix/matlab6.5/bin/glnx86/libfixedpoint.so
b6c6a000-b6cda000 r-xp 00000000 00:15 2148410214  /home/matrix/matlab6.5/bin/glnx86/libmwcg_ir.so
b6cda000-b6ce9000 rwxp 0006f000 00:15 2148410214  /home/matrix/matlab6.5/bin/glnx86/libmwcg_ir.so
b6ce9000-b6d52000 r-xp 00000000 00:15 2148410271  /home/matrix/matlab6.5/bin/glnx86/libmwumfpack.so
b6d52000-b6d53000 rwxp 00068000 00:15 2148410271  /home/matrix/matlab6.5/bin/glnx86/libmwumfpack.so
b6d54000-b6da8000 r-xp 00000000 00:15 2148410222  /home/matrix/matlab6.5/bin/glnx86/libmwfftw.so
b6da8000-b6daa000 rwxp 00053000 00:15 2148410222  /home/matrix/matlab6.5/bin/glnx86/libmwfftw.so
b6daa000-b6dc2000 r-xp 00000000 00:15 2148410236  /home/matrix/matlab6.5/bin/glnx86/libmwlapack.so
b6dc2000-b6dc5000 rwxp 00017000 00:15 2148410236  /home/matrix/matlab6.5/bin/glnx86/libmwlapack.so
b6dc5000-b6eef000 r-xp 00000000 00:0b 3688942    /lib/tls/libc-2.3.2.so
b6eef000-b6ef8000 rwxp 00129000 00:0b 3688942    /lib/tls/libc-2.3.2.so
b6efa000-b6f1b000 r-xp 00000000 00:0b 3688985    /lib/tls/libm-2.3.2.so
b6f1b000-b6f1c000 rwxp 00020000 00:0b 3688985    /lib/tls/libm-2.3.2.so
b6f1c000-b6f53000 r-xp 00000000 00:15 1074696866  /home/matrix/matlab6.5/sys/os/glnx86/libstdc++-libc6.1-2.so.3
b6f53000-b6f5f000 rwxp 00036000 00:15 1074696866  /home/matrix/matlab6.5/sys/os/glnx86/libstdc++-libc6.1-2.so.3
b6f62000-b6f6e000 r-xp 00000000 00:0b 3688759    /lib/tls/libpthread-0.60.so
b6f6e000-b6f6f000 rwxp 0000c000 00:0b 3688759    /lib/tls/libpthread-0.60.so
b6f71000-b6f73000 r-xp 00000000 00:0b 3688954    /lib/tls/libdl-2.3.2.so
b6f73000-b6f74000 rwxp 00002000 00:0b 3688954    /lib/tls/libdl-2.3.2.so
b6f74000-b6f75000 r-xp 0022b000 00:0b 1245379    /usr/lib/locale/locale-archive
b6f75000-b6f7a000 r-xs 00000000 00:15 537832763  /home/matrix/matlab6.5/java/jar/timer.jar
b6f7a000-b6f7f000 r-xs 00000000 00:15 537832766  /home/matrix/matlab6.5/java/jar/widgets.jar
b6f7f000-b6f86000 r-xp 00000000 00:0b 3729563    /usr/lib/libXrender.so.1.2.2
b6f86000-b6f87000 rwxp 00006000 00:0b 3729563    /usr/lib/libXrender.so.1.2.2
b6f87000-b6f8f000 r-xp 00000000 00:0b 3729552    /usr/lib/libXcursor.so.1.0.2
b6f8f000-b6f90000 rwxp 00007000 00:0b 3729552    /usr/lib/libXcursor.so.1.0.2
b6f90000-b6f92000 r-xp 00000000 00:0b 3692053    /usr/X11R6/lib/X11/locale/lib/common/xlcDef.so.2
b6f92000-b6f93000 rwxp 00001000 00:0b 3692053    /usr/X11R6/lib/X11/locale/lib/common/xlcDef.so.2
b6f93000-b6f96000 r-xp 00000000 00:15 1074696868  /home/matrix/matlab6.5/sys/os/glnx86/libtermcap.so
b6f96000-b6f97000 rwxp 00002000 00:15 1074696868  /home/matrix/matlab6.5/sys/os/glnx86/libtermcap.so
b6f97000-b7092000 r-xp 00000000 00:15 2148410269  /home/matrix/matlab6.5/bin/glnx86/libmwuix.so
b7092000-b70a6000 rwxp 000fa000 00:15 2148410269  /home/matrix/matlab6.5/bin/glnx86/libmwuix.so
b70ac000-b70bc000 r-xp 00000000 00:15 2148410232  /home/matrix/matlab6.5/bin/glnx86/libmwir_interp.so
b70bc000-b70c0000 rwxp 0000f000 00:15 2148410232  /home/matrix/matlab6.5/bin/glnx86/libmwir_interp.so
b70c0000-b70ec000 r-xp 00000000 00:15 2148410212  /home/matrix/matlab6.5/bin/glnx86/libmwbuiltins.so
b70ec000-b70f0000 rwxp 0002b000 00:15 2148410212  /home/matrix/matlab6.5/bin/glnx86/libmwbuiltins.so
b70f1000-b7164000 r-xp 00000000 00:15 2148410267  /home/matrix/matlab6.5/bin/glnx86/libmwudd_mi.so
b7164000-b7178000 rwxp 00072000 00:15 2148410267  /home/matrix/matlab6.5/bin/glnx86/libmwudd_mi.so
b7179000-b71b4000 r-xp 00000000 00:15 2148410234  /home/matrix/matlab6.5/bin/glnx86/libmwjmi.so
b71b4000-b71ba000 rwxp 0003a000 00:15 2148410234  /home/matrix/matlab6.5/bin/glnx86/libmwjmi.so
b71ba000-b71fc000 r-xp 00000000 00:15 2148410226  /home/matrix/matlab6.5/bin/glnx86/libmwgui.so
b71fc000-b7235000 rwxp 00041000 00:15 2148410226  /home/matrix/matlab6.5/bin/glnx86/libmwgui.so
b7236000-b76d0000 r-xp 00000000 00:15 2148410261  /home/matrix/matlab6.5/bin/glnx86/libmwsimulink.so
b76d0000-b777c000 rwxp 00499000 00:15 2148410261  /home/matrix/matlab6.5/bin/glnx86/libmwsimulink.so
b77a0000-b77b6000 r-xp 00000000 00:15 2148410220  /home/matrix/matlab6.5/bin/glnx86/libmwdastudio.so
b77b6000-b77bb000 rwxp 00015000 00:15 2148410220  /home/matrix/matlab6.5/bin/glnx86/libmwdastudio.so
b77bb000-b77c1000 r-xp 00000000 00:15 2148410224  /home/matrix/matlab6.5/bin/glnx86/libmwglee.so
b77c1000-b77c4000 rwxp 00005000 00:15 2148410224  /home/matrix/matlab6.5/bin/glnx86/libmwglee.so
b77c5000-b78de000 r-xp 00000000 00:15 2148410230  /home/matrix/matlab6.5/bin/glnx86/libmwhg.so
b78de000-b7911000 rwxp 00118000 00:15 2148410230  /home/matrix/matlab6.5/bin/glnx86/libmwhg.so
b7915000-b793d000 r-xp 00000000 00:15 2148410228  /home/matrix/matlab6.5/bin/glnx86/libmwhardcopy.so
b793d000-b7942000 rwxp 00027000 00:15 2148410228  /home/matrix/matlab6.5/bin/glnx86/libmwhardcopy.so
b7943000-b79a3000 r-xp 00000000 00:15 2148410255  /home/matrix/matlab6.5/bin/glnx86/libmwnumerics.so
b79a3000-b79a8000 rwxp 0005f000 00:15 2148410255  /home/matrix/matlab6.5/bin/glnx86/libmwnumerics.so
b79a8000-b7a84000 r-xp 00000000 00:15 2148410240  /home/matrix/matlab6.5/bin/glnx86/libmwm_interpreter.so
b7a84000-b7aa9000 rwxp 000db000 00:15 2148410240  /home/matrix/matlab6.5/bin/glnx86/libmwm_interpreter.so
b7ac4000-b7ac8000 r-xp 00000000 00:15 2148410238  /home/matrix/matlab6.5/bin/glnx86/libmwm_dispatcher.so
b7ac8000-b7aca000 rwxp 00003000 00:15 2148410238  /home/matrix/matlab6.5/bin/glnx86/libmwm_dispatcher.so
b7acb000-b7adf000 r-xp 00000000 00:15 2148410246  /home/matrix/matlab6.5/bin/glnx86/libmwm_pcodegen.so
b7adf000-b7ae1000 rwxp 00013000 00:15 2148410246  /home/matrix/matlab6.5/bin/glnx86/libmwm_pcodegen.so
b7ae1000-b7af2000 r-xp 00000000 00:15 2148410248  /home/matrix/matlab6.5/bin/glnx86/libmwm_pcodeio.so
b7af2000-b7af4000 rwxp 00010000 00:15 2148410248  /home/matrix/matlab6.5/bin/glnx86/libmwm_pcodeio.so
b7af4000-b7b90000 r-xp 00000000 00:15 2148410244  /home/matrix/matlab6.5/bin/glnx86/libmwm_parser.so
b7b90000-b7ca6000 rwxp 0009b000 00:15 2148410244  /home/matrix/matlab6.5/bin/glnx86/libmwm_parser.so
b7ca6000-b7d01000 r-xp 00000000 00:15 2148410242  /home/matrix/matlab6.5/bin/glnx86/libmwm_ir.so
b7d01000-b7d2e000 rwxp 0005a000 00:15 2148410242  /home/matrix/matlab6.5/bin/glnx86/libmwm_ir.so
b7d2f000-b7d4b000 r-xp 00000000 00:15 2148410251  /home/matrix/matlab6.5/bin/glnx86/libmwmlib.so
b7d4b000-b7da7000 rwxp 0001b000 00:15 2148410251  /home/matrix/matlab6.5/bin/glnx86/libmwmlib.so
b7da7000-b7db8000 r-xp 00000000 00:15 2148410259  /home/matrix/matlab6.5/bin/glnx86/libmwservices.so
b7db8000-b7dbc000 rwxp 00010000 00:15 2148410259  /home/matrix/matlab6.5/bin/glnx86/libmwservices.so
b7dc5000-b7dd8000 r-xp 00000000 00:15 2148410253  /home/matrix/matlab6.5/bin/glnx86/libmwmpath.so
b7dd8000-b7dd9000 rwxp 00012000 00:15 2148410253  /home/matrix/matlab6.5/bin/glnx86/libmwmpath.so
b7ddc000-b7e6f000 r-xp 00000000 00:15 2148410265  /home/matrix/matlab6.5/bin/glnx86/libmwudd.so
b7e6f000-b7e98000 rwxp 00092000 00:15 2148410265  /home/matrix/matlab6.5/bin/glnx86/libmwudd.so
b7e99000-b7ea0000 r-xp 00000000 00:15 2148410208  /home/matrix/matlab6.5/bin/glnx86/libmex.so
b7ea0000-b7ea1000 rwxp 00006000 00:15 2148410208  /home/matrix/matlab6.5/bin/glnx86/libmex.so
b7ea1000-b7eaa000 r-xp 00000000 00:15 2148410204  /home/matrix/matlab6.5/bin/glnx86/libmat.so
b7eaa000-b7eab000 rwxp 00008000 00:15 2148410204  /home/matrix/matlab6.5/bin/glnx86/libmat.so
b7eab000-b7edb000 r-xp 00000000 00:15 2148410273  /home/matrix/matlab6.5/bin/glnx86/libmx.so
b7edb000-b7edd000 rwxp 0002f000 00:15 2148410273  /home/matrix/matlab6.5/bin/glnx86/libmx.so
b7edd000-b7f18000 r-xp 00000000 00:15 2148410280  /home/matrix/matlab6.5/bin/glnx86/libut.so
b7f18000-b7f1b000 rwxp 0003a000 00:15 2148410280  /home/matrix/matlab6.5/bin/glnx86/libut.so
b7fa8000-b7fa9000 r-xp b7fa8000 00:00 0          [vdso]
b7fa9000-b7fbf000 r-xp 00000000 00:0b 3687915    /lib/ld-2.3.2.so
b7fbf000-b7fc0000 rwxp 00015000 00:0b 3687915    /lib/ld-2.3.2.so
bf826000-bf854000 rwxp bf826000 00:00 0          [stack]

Local Time = Mon Feb 19 16:40:21 2007
Elapsed Time = 9711
#
# The exception above was detected in native code outside the VM
#
# Java VM: Java HotSpot(TM) Server VM (Blackdown-1.3.1-FCS mixed mode)
#
